Determining if the pthread_create exist failed with the following output:
Change Dir: /home/ubuntu/serialproto/cmake-build-debug/CMakeFiles/CMakeTmp

Run Build Command:/usr/bin/make "cmTryCompileExec2132430480/fast"
/usr/bin/make -f CMakeFiles/cmTryCompileExec2132430480.dir/build.make CMakeFiles/cmTryCompileExec2132430480.dir/build
make[1]: Entering directory `/home/ubuntu/serialproto/cmake-build-debug/CMakeFiles/CMakeTmp'
/opt/poky/1.7.3/sysroots/x86_64-pokysdk-linux/usr/bin/cmake -E cmake_progress_report /home/ubuntu/serialproto/cmake-build-debug/CMakeFiles/CMakeTmp/CMakeFiles 1
Building C object CMakeFiles/cmTryCompileExec2132430480.dir/CheckSymbolExists.c.o
/usr/bin/cc    -o CMakeFiles/cmTryCompileExec2132430480.dir/CheckSymbolExists.c.o   -c /home/ubuntu/serialproto/cmake-build-debug/CMakeFiles/CMakeTmp/CheckSymbolExists.c
Linking C executable cmTryCompileExec2132430480
/opt/poky/1.7.3/sysroots/x86_64-pokysdk-linux/usr/bin/cmake -E cmake_link_script CMakeFiles/cmTryCompileExec2132430480.dir/link.txt --verbose=1
/usr/bin/cc       CMakeFiles/cmTryCompileExec2132430480.dir/CheckSymbolExists.c.o  -o cmTryCompileExec2132430480 -rdynamic 
CMakeFiles/cmTryCompileExec2132430480.dir/CheckSymbolExists.c.o: In function `main':
CheckSymbolExists.c:(.text+0x16): undefined reference to `pthread_create'
collect2: error: ld returned 1 exit status
make[1]: *** [cmTryCompileExec2132430480] Error 1
make[1]: Leaving directory `/home/ubuntu/serialproto/cmake-build-debug/CMakeFiles/CMakeTmp'
make: *** [cmTryCompileExec2132430480/fast] Error 2

File /home/ubuntu/serialproto/cmake-build-debug/CMakeFiles/CMakeTmp/CheckSymbolExists.c:
/* */
#include <pthread.h>

int main(int argc, char** argv)
{
  (void)argv;
#ifndef pthread_create
  return ((int*)(&pthread_create))[argc];
#else
  (void)argc;
  return 0;
#endif
}

Determining if the function pthread_create exists in the pthreads failed with the following output:
Change Dir: /home/ubuntu/serialproto/cmake-build-debug/CMakeFiles/CMakeTmp

Run Build Command:/usr/bin/make "cmTryCompileExec3839509297/fast"
/usr/bin/make -f CMakeFiles/cmTryCompileExec3839509297.dir/build.make CMakeFiles/cmTryCompileExec3839509297.dir/build
make[1]: Entering directory `/home/ubuntu/serialproto/cmake-build-debug/CMakeFiles/CMakeTmp'
/opt/poky/1.7.3/sysroots/x86_64-pokysdk-linux/usr/bin/cmake -E cmake_progress_report /home/ubuntu/serialproto/cmake-build-debug/CMakeFiles/CMakeTmp/CMakeFiles 1
Building C object CMakeFiles/cmTryCompileExec3839509297.dir/CheckFunctionExists.c.o
/usr/bin/cc   -DCHECK_FUNCTION_EXISTS=pthread_create   -o CMakeFiles/cmTryCompileExec3839509297.dir/CheckFunctionExists.c.o   -c /opt/poky/1.7.3/sysroots/x86_64-pokysdk-linux/usr/share/cmake-2.8/Modules/CheckFunctionExists.c
Linking C executable cmTryCompileExec3839509297
/opt/poky/1.7.3/sysroots/x86_64-pokysdk-linux/usr/bin/cmake -E cmake_link_script CMakeFiles/cmTryCompileExec3839509297.dir/link.txt --verbose=1
/usr/bin/cc   -DCHECK_FUNCTION_EXISTS=pthread_create    CMakeFiles/cmTryCompileExec3839509297.dir/CheckFunctionExists.c.o  -o cmTryCompileExec3839509297 -rdynamic -lpthreads 
/usr/bin/ld: cannot find -lpthreads
collect2: error: ld returned 1 exit status
make[1]: Leaving directory `/home/ubuntu/serialproto/cmake-build-debug/CMakeFiles/CMakeTmp'
make[1]: *** [cmTryCompileExec3839509297] Error 1
make: *** [cmTryCompileExec3839509297/fast] Error 2


